[15:35:43] [main/INFO]: Setting user: Player765
[15:35:46] [Client thread/INFO]: LWJGL Version: 2.9.1
[15:35:59] [Client thread/INFO]: Reloading ResourceManager: Default, FMLFileResourcePack:Forge Mod Loader, FMLFileResourcePack:Minecraft Forge, FMLFileResourcePack:Not Enough Items, FMLFileResourcePack:Bark, FMLFileResourcePack:TerraFirmaCraft+, FMLFileResourcePack:TerraFirmaCraftNEIplugin
[15:36:06] [Sound Library Loader/INFO]: Sound engine started
[15:36:07] [Client thread/INFO]: Created: 16x16 textures/blocks-atlas
[15:36:08] [Client thread/INFO]: Created: 16x16 textures/items-atlas
[15:36:21] [Client thread/INFO]: Reloading ResourceManager: Default, FMLFileResourcePack:Forge Mod Loader, FMLFileResourcePack:Minecraft Forge, FMLFileResourcePack:Not Enough Items, FMLFileResourcePack:Bark, FMLFileResourcePack:TerraFirmaCraft+, FMLFileResourcePack:TerraFirmaCraftNEIplugin
[15:36:22] [Client thread/INFO]: Created: 1024x1024 textures/blocks-atlas
[15:36:23] [Client thread/INFO]: Created: 1024x512 textures/items-atlas
[15:36:24] [Sound Library Loader/INFO]: Sound engine started
[15:36:52] [Server thread/INFO]: Starting integrated minecraft server version 1.7.10
[15:36:52] [Server thread/INFO]: Generating keypair
[15:36:53] [Server thread/INFO]: Preparing start region for level 0
[15:36:54] [Server thread/INFO]: Preparing spawn area: 72%
[15:36:55] [Server thread/INFO]: Changing view distance to 12, from 10
[15:36:55] [Server thread/INFO]: Player765[local:E:48767c8e] logged in with entity id 88 at (24057.5, 140.0, -17221.5)
[15:36:55] [Server thread/INFO]: Player765 joined the game
[15:37:03] [Server thread/INFO]: Saving and pausing game...
[15:37:03] [Server thread/INFO]: Saving chunks for level 'New World'/DEFAULT
[15:37:03] [Server thread/INFO]: Saving chunks for level 'New World'/Nether
[15:37:03] [Server thread/INFO]: Saving chunks for level 'New World'/DEFAULT
[15:37:08] [Server thread/INFO]: Saving and pausing game...
[15:37:08] [Server thread/INFO]: Saving chunks for level 'New World'/DEFAULT
[15:37:08] [Server thread/INFO]: Saving chunks for level 'New World'/Nether
[15:37:08] [Server thread/INFO]: Saving chunks for level 'New World'/DEFAULT
[15:37:54] [Server thread/INFO]: Player765 has just earned the achievement [Taking Inventory]
[15:37:54] [Client thread/INFO]: [CHAT] Player765 has just earned the achievement [Taking Inventory]
[15:38:09] [Server thread/INFO]: Saving and pausing game...
[15:38:09] [Server thread/INFO]: Saving chunks for level 'New World'/DEFAULT
[15:38:09] [Server thread/INFO]: Saving chunks for level 'New World'/Nether
[15:38:09] [Server thread/INFO]: Saving chunks for level 'New World'/DEFAULT
[15:38:10] [Server thread/INFO]: Saving and pausing game...
[15:38:10] [Server thread/INFO]: Saving chunks for level 'New World'/DEFAULT
[15:38:10] [Server thread/INFO]: Saving chunks for level 'New World'/Nether
[15:38:10] [Server thread/INFO]: Saving chunks for level 'New World'/DEFAULT
[15:38:33] [Server thread/INFO]: [Player765: Given [Birch Bark Pants] * 1 to Player765]
[15:38:33] [Client thread/INFO]: [CHAT] Given [Birch Bark Pants] * 1 to Player765
[15:38:52] [Server thread/INFO]: Saving and pausing game...
[15:38:52] [Server thread/INFO]: Saving chunks for level 'New World'/DEFAULT
[15:38:52] [Server thread/INFO]: Saving chunks for level 'New World'/Nether
[15:38:52] [Server thread/INFO]: Saving chunks for level 'New World'/DEFAULT
[15:39:02] [Client thread/INFO]: Reloading ResourceManager: Default, FMLFileResourcePack:Forge Mod Loader, FMLFileResourcePack:Minecraft Forge, FMLFileResourcePack:Not Enough Items, FMLFileResourcePack:Bark, FMLFileResourcePack:TerraFirmaCraft+, FMLFileResourcePack:TerraFirmaCraftNEIplugin
[15:39:04] [Client thread/INFO]: Created: 1024x1024 textures/blocks-atlas
[15:39:05] [Client thread/INFO]: Created: 1024x512 textures/items-atlas
[15:39:06] [Sound Library Loader/INFO]: Sound engine started
[15:39:12] [Server thread/INFO]: Saving and pausing game...
[15:39:12] [Server thread/INFO]: Saving chunks for level 'New World'/DEFAULT
[15:39:12] [Server thread/INFO]: Saving chunks for level 'New World'/Nether
[15:39:12] [Server thread/INFO]: Saving chunks for level 'New World'/DEFAULT
[15:39:42] [Server thread/INFO]: [Player765: Дано [Штаны из берёзовой коры] * 1 игроку Player765]
[15:39:42] [Client thread/INFO]: [CHAT] Дано [Штаны из берёзовой коры] * 1 игроку Player765
[15:43:13] [Server thread/INFO]: Saving and pausing game...
[15:43:13] [Server thread/INFO]: Saving chunks for level 'New World'/DEFAULT
[15:43:13] [Server thread/INFO]: Saving chunks for level 'New World'/Nether
[15:43:13] [Server thread/INFO]: Saving chunks for level 'New World'/DEFAULT
[15:43:14] [Client thread/INFO]: Stopping!
[15:43:14] [Server thread/INFO]: Stopping server
[15:43:14] [Server thread/INFO]: Saving players
[15:43:14] [Server thread/INFO]: Saving worlds
[15:43:14] [Server thread/INFO]: Saving chunks for level 'New World'/DEFAULT
[15:43:14] [Server thread/INFO]: Saving chunks for level 'New World'/Nether
[15:43:14] [Server thread/INFO]: Saving chunks for level 'New World'/DEFAULT
